<?xml version="1.0" encoding="UTF-8"?>
<!-- Generated by org.testng.reporters.JUnitReportReporter -->
<testsuite hostname="LAPTOP-CJ23D15G" name="day1.RAday1" tests="2" failures="0" timestamp="1 Jul 2022 06:51:39 GMT" time="2.849" errors="0">
  <testcase name="testcase7" time="0.082" classname="day1.RAday1"/>
  <testcase name="testcase7" time="2.767" classname="day1.RAday1"/>
</testsuite> <!-- day1.RAday1 -->
