<?xml version="1.0" encoding="UTF-8"?>
<!-- Generated by org.testng.reporters.JUnitReportReporter -->
<testsuite hostname="LAPTOP-CJ23D15G" name="day1.RAday1" tests="1" failures="0" timestamp="1 Jul 2022 05:00:38 GMT" time="3.745" errors="0">
  <testcase name="testcase5" time="3.745" classname="day1.RAday1"/>
</testsuite> <!-- day1.RAday1 -->
