<?xml version="1.0" encoding="UTF-8"?>
<!-- Generated by org.testng.reporters.JUnitReportReporter -->
<testsuite hostname="LAPTOP-CJ23D15G" name="day1.RAday1" tests="1" failures="0" timestamp="4 Jul 2022 07:03:20 GMT" time="3.330" errors="0">
  <testcase name="testcase9" time="3.330" classname="day1.RAday1"/>
</testsuite> <!-- day1.RAday1 -->
